[debug] [2023-01-30T18:16:23.825Z] ----------------------------------------------------------------------
[debug] [2023-01-30T18:16:23.827Z] Command:       C:\Program Files\nodejs\node.exe C:\Users\Admin\AppData\Roaming\npm\node_modules\firebase-tools\lib\bin\firebase.js init
[debug] [2023-01-30T18:16:23.828Z] CLI Version:   11.21.0
[debug] [2023-01-30T18:16:23.828Z] Platform:      win32
[debug] [2023-01-30T18:16:23.828Z] Node Version:  v16.14.0
[debug] [2023-01-30T18:16:23.829Z] Time:          Mon Jan 30 2023 15:16:23 GMT-0300 (hora estándar de Argentina)
[debug] [2023-01-30T18:16:23.830Z] ----------------------------------------------------------------------
[debug] 
[debug] [2023-01-30T18:16:23.838Z] > command requires scopes: ["email","openid","https://www.googleapis.com/auth/cloudplatformprojects.readonly","https://www.googleapis.com/auth/firebase","https://www.googleapis.com/auth/cloud-platform"]
[debug] [2023-01-30T18:16:23.839Z] > authorizing via signed-in user (marianocanya@gmail.com)
[info] 
     ######## #### ########  ######## ########     ###     ######  ########
     ##        ##  ##     ## ##       ##     ##  ##   ##  ##       ##
     ######    ##  ########  ######   ########  #########  ######  ######
     ##        ##  ##    ##  ##       ##     ## ##     ##       ## ##
     ##       #### ##     ## ######## ########  ##     ##  ######  ########

You're about to initialize a Firebase project in this directory:

  D:\Mariano\curso-apx\modulo-8\practica\desafio-final\frontend-app-mascotas

[info] 
=== Project Setup
[info] 
[info] First, let's associate this project directory with a Firebase project.
[info] You can create multiple project aliases by running firebase use --add, 
[info] but for now we'll just set up a default project.
[info] 
[debug] [2023-01-30T18:17:40.278Z] >>> [apiv2][query] GET https://firebase.googleapis.com/v1beta1/projects pageSize=100
[debug] [2023-01-30T18:17:41.197Z] <<< [apiv2][status] GET https://firebase.googleapis.com/v1beta1/projects 200
[debug] [2023-01-30T18:17:41.197Z] <<< [apiv2][body] GET https://firebase.googleapis.com/v1beta1/projects [omitted]
[info] i  Using project app-mascotas-perdidas-9170f (App-mascotas-perdidas) 
[info] 
=== Hosting Setup
[info] 
[info] Your public directory is the folder (relative to your project directory) that
[info] will contain Hosting assets to be uploaded with firebase deploy. If you
[info] have a build process for your assets, use your build's output directory.
[info] 
[debug] [2023-01-30T18:23:46.476Z] >>> [apiv2][query] GET https://www.gstatic.com/firebasejs/releases.json [none]
[debug] [2023-01-30T18:23:46.812Z] <<< [apiv2][status] GET https://www.gstatic.com/firebasejs/releases.json 200
[debug] [2023-01-30T18:23:46.812Z] <<< [apiv2][body] GET https://www.gstatic.com/firebasejs/releases.json {"current":{"version":"9.16.0","browserURL":"https://www.gstatic.com/firebasejs/9.16.0/firebase.js","packageURL":"https://www.gstatic.com/firebasejs/9.16.0/firebase.tgz"},"live":{"version":"9.16","browserURL":"https://www.gstatic.com/firebasejs/live/9.16/firebase.js","packageURL":"https://www.gstatic.com/firebasejs/live/9.16/firebase.tgz"},"components":{"analytics":"https://www.gstatic.com/firebasejs/9.16.0/firebase-analytics.js","app":"https://www.gstatic.com/firebasejs/9.16.0/firebase-app.js","app-check":"https://www.gstatic.com/firebasejs/9.16.0/firebase-app-check.js","auth":"https://www.gstatic.com/firebasejs/9.16.0/firebase-auth.js","auth/cordova":"https://www.gstatic.com/firebasejs/9.16.0/firebase-auth/cordova.js","auth/react-native":"https://www.gstatic.com/firebasejs/9.16.0/firebase-auth/react-native.js","functions":"https://www.gstatic.com/firebasejs/9.16.0/firebase-functions.js","firestore":"https://www.gstatic.com/firebasejs/9.16.0/firebase-firestore.js","firestore/lite":"https://www.gstatic.com/firebasejs/9.16.0/firebase-firestore/lite.js","installations":"https://www.gstatic.com/firebasejs/9.16.0/firebase-installations.js","storage":"https://www.gstatic.com/firebasejs/9.16.0/firebase-storage.js","performance":"https://www.gstatic.com/firebasejs/9.16.0/firebase-performance.js","remote-config":"https://www.gstatic.com/firebasejs/9.16.0/firebase-remote-config.js","messaging":"https://www.gstatic.com/firebasejs/9.16.0/firebase-messaging.js","messaging/sw":"https://www.gstatic.com/firebasejs/9.16.0/firebase-messaging/sw.js","database":"https://www.gstatic.com/firebasejs/9.16.0/firebase-database.js","firestore.memory":"https://www.gstatic.com/firebasejs/9.16.0/firebase-firestore.memory.js"}}
[info] i  Skipping write of ./index.html 
[info] 
[info] i  Didn't detect a .git folder. Assuming D:\Mariano\curso-apx\modulo-8\practica\desafio-final\frontend-app-mascotas is the project root. 
[info] i  Authorizing with GitHub to upload your service account to a GitHub repository's secrets store. 
[info] 
[info] Visit this URL on this device to log in:
[info] https://github.com/login/oauth/authorize?client_id=89cf50f02ac6aaed3484&state=588162283&redirect_uri=http%3A%2F%2Flocalhost%3A9005&scope=read%3Auser%20repo%20public_repo
[info] 
[info] Waiting for authentication...
[debug] [2023-01-30T18:24:15.106Z] >>> [apiv2][query] POST https://github.com/login/oauth/access_token [none]
[debug] [2023-01-30T18:24:15.106Z] >>> [apiv2][body] POST https://github.com/login/oauth/access_token [stream]
[debug] [2023-01-30T18:24:15.690Z] <<< [apiv2][status] POST https://github.com/login/oauth/access_token 200
[debug] [2023-01-30T18:24:15.690Z] <<< [apiv2][body] POST https://github.com/login/oauth/access_token {"access_token":"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","token_type":"bearer","scope":"read:user,repo"}
[debug] [2023-01-30T18:24:15.695Z] >>> [apiv2][query] GET https://api.github.com/user [none]
[debug] [2023-01-30T18:24:16.516Z] <<< [apiv2][status] GET https://api.github.com/user 200
[debug] [2023-01-30T18:24:16.517Z] <<< [apiv2][body] GET https://api.github.com/user {"login":"MarianoAguilar13","id":95975745,"node_id":"U_kgDOBbh5QQ","avatar_url":"https://avatars.githubusercontent.com/u/95975745?v=4","gravatar_id":"","url":"https://api.github.com/users/MarianoAguilar13","html_url":"https://github.com/MarianoAguilar13","followers_url":"https://api.github.com/users/MarianoAguilar13/followers","following_url":"https://api.github.com/users/MarianoAguilar13/following{/other_user}","gists_url":"https://api.github.com/users/MarianoAguilar13/gists{/gist_id}","starred_url":"https://api.github.com/users/MarianoAguilar13/starred{/owner}{/repo}","subscriptions_url":"https://api.github.com/users/MarianoAguilar13/subscriptions","organizations_url":"https://api.github.com/users/MarianoAguilar13/orgs","repos_url":"https://api.github.com/users/MarianoAguilar13/repos","events_url":"https://api.github.com/users/MarianoAguilar13/events{/privacy}","received_events_url":"https://api.github.com/users/MarianoAguilar13/received_events","type":"User","site_admin":false,"name":null,"company":null,"blog":"","location":null,"email":null,"hireable":null,"bio":null,"twitter_username":null,"public_repos":24,"public_gists":2,"followers":3,"following":0,"created_at":"2021-12-11T16:25:06Z","updated_at":"2023-01-30T18:24:11Z","private_gists":0,"total_private_repos":1,"owned_private_repos":1,"disk_usage":2367,"collaborators":0,"two_factor_authentication":false,"plan":{"name":"free","space":976562499,"collaborators":0,"private_repos":10000}}
[info] 
[info] +  Success! Logged into GitHub as MarianoAguilar13 
[info] 
